<?xml version="1.0" encoding="UTF-8"?>
<testng-results skipped="0" failed="0" total="1" passed="1">
  <reporter-output>
  </reporter-output>
  <suite name="Command line suite" duration-ms="3002" started-at="2015-07-09T13:54:43Z" finished-at="2015-07-09T13:54:46Z">
    <groups>
    </groups>
    <test name="Command line test" duration-ms="3002" started-at="2015-07-09T13:54:43Z" finished-at="2015-07-09T13:54:46Z">
      <class name="EntityManagerTest">
        <test-method status="PASS" signature="testBasicUsage()[pri:0, instance:testBasicUsage(EntityManagerTest)]" name="testBasicUsage" duration-ms="2959" started-at="2015-07-09T17:54:43Z" finished-at="2015-07-09T17:54:46Z">
          <reporter-output>
          </reporter-output>
        </test-method> <!-- testBasicUsage -->
      </class> <!-- EntityManagerTest -->
    </test> <!-- Command line test -->
  </suite> <!-- Command line suite -->
</testng-results>
